<?xml version="1.0" encoding="UTF-8"?>
<!-- Generated by org.testng.reporters.JUnitReportReporter -->
<testsuite hostname="LAPTOP-JL6OSVP7" failures="0" tests="1" name="test.TC_003_LogoutTest" time="10.057" errors="0" timestamp="2024-12-30T02:43:02 IST" skipped="0">
  <testcase classname="test.TC_003_LogoutTest" name="ValidLogoutTest" time="10.057"/>
  <system-out/>
</testsuite> <!-- test.TC_003_LogoutTest -->
