<?xml version="1.0" encoding="UTF-8"?>
<!-- Generated by org.testng.reporters.JUnitReportReporter -->
<testsuite hostname="LAPTOP-JL6OSVP7" failures="0" tests="5" name="test.TC_002_LoginTest" time="35.719" errors="0" timestamp="2024-12-30T02:43:02 IST" skipped="0">
  <testcase classname="test.TC_002_LoginTest" name="LoginTest" time="6.531"/>
  <system-out/>
  <testcase classname="test.TC_002_LoginTest" name="LoginTest" time="6.096"/>
  <system-out/>
  <testcase classname="test.TC_002_LoginTest" name="LoginTest" time="8.220"/>
  <system-out/>
  <testcase classname="test.TC_002_LoginTest" name="LoginTest" time="7.264"/>
  <system-out/>
  <testcase classname="test.TC_002_LoginTest" name="LoginTest" time="7.608"/>
  <system-out/>
</testsuite> <!-- test.TC_002_LoginTest -->
