<?xml version="1.0" encoding="UTF-8"?>
<!-- Generated by org.testng.reporters.JUnitReportReporter -->
<testsuite hostname="LAPTOP-JL6OSVP7" failures="0" tests="1" name="test.TC_006_SelectHotelPage" time="32.294" errors="0" timestamp="2024-12-23T21:40:00 IST" skipped="0">
  <testcase classname="test.TC_006_SelectHotelPage" name="SearchHotelTest" time="32.294"/>
  <system-out/>
</testsuite> <!-- test.TC_006_SelectHotelPage -->
