<?xml version="1.0" encoding="UTF-8"?>
<!-- Generated by org.testng.reporters.JUnitReportReporter -->
<testsuite hostname="LAPTOP-JL6OSVP7" failures="0" tests="8" name="test.TC_004_SearchHotelTest" time="128.822" errors="0" timestamp="2024-12-30T02:43:02 IST" skipped="0">
  <testcase classname="test.TC_004_SearchHotelTest" name="SearchHotelTest" time="16.790"/>
  <system-out/>
  <testcase classname="test.TC_004_SearchHotelTest" name="SearchHotelTest" time="14.896"/>
  <system-out/>
  <testcase classname="test.TC_004_SearchHotelTest" name="SearchHotelTest" time="15.825"/>
  <system-out/>
  <testcase classname="test.TC_004_SearchHotelTest" name="SearchHotelTest" time="18.591"/>
  <system-out/>
  <testcase classname="test.TC_004_SearchHotelTest" name="SearchHotelTest" time="13.744"/>
  <system-out/>
  <testcase classname="test.TC_004_SearchHotelTest" name="SearchHotelTest" time="16.322"/>
  <system-out/>
  <testcase classname="test.TC_004_SearchHotelTest" name="SearchHotelTest" time="18.495"/>
  <system-out/>
  <testcase classname="test.TC_004_SearchHotelTest" name="SearchHotelTest" time="14.159"/>
  <system-out/>
</testsuite> <!-- test.TC_004_SearchHotelTest -->
