<?xml version="1.0" encoding="UTF-8"?>
<!-- Generated by org.testng.reporters.JUnitReportReporter -->
<testsuite hostname="LAPTOP-JL6OSVP7" failures="0" tests="3" name="test.TC_006_ChangePassTest" time="40.741" errors="0" timestamp="2024-12-30T02:43:02 IST" skipped="0">
  <testcase classname="test.TC_006_ChangePassTest" name="ChangePassTest" time="13.969"/>
  <system-out/>
  <testcase classname="test.TC_006_ChangePassTest" name="ChangePassTest" time="12.544"/>
  <system-out/>
  <testcase classname="test.TC_006_ChangePassTest" name="ChangePassTest" time="14.228"/>
  <system-out/>
</testsuite> <!-- test.TC_006_ChangePassTest -->
