<?xml version="1.0" encoding="UTF-8"?>
<!-- Generated by org.testng.reporters.JUnitReportReporter -->
<testsuite hostname="LAPTOP-JL6OSVP7" failures="0" tests="3" name="test.TC_004_ChangePassTest" time="35.565" errors="0" timestamp="2024-12-29T15:35:54 IST" skipped="0">
  <testcase classname="test.TC_004_ChangePassTest" name="ChangePassTest" time="11.916"/>
  <system-out/>
  <testcase classname="test.TC_004_ChangePassTest" name="ChangePassTest" time="11.533"/>
  <system-out/>
  <testcase classname="test.TC_004_ChangePassTest" name="ChangePassTest" time="12.116"/>
  <system-out/>
</testsuite> <!-- test.TC_004_ChangePassTest -->
