<?xml version="1.0" encoding="UTF-8"?>
<!-- Generated by org.testng.reporters.JUnitReportReporter -->
<testsuite hostname="LAPTOP-JL6OSVP7" failures="0" tests="5" name="test.TC_002_ValidLoginTest" time="27.497" errors="0" timestamp="2024-12-29T14:25:34 IST" skipped="0">
  <testcase classname="test.TC_002_ValidLoginTest" name="ValidLoginTest" time="6.151"/>
  <system-out/>
  <testcase classname="test.TC_002_ValidLoginTest" name="ValidLoginTest" time="5.406"/>
  <system-out/>
  <testcase classname="test.TC_002_ValidLoginTest" name="ValidLoginTest" time="4.980"/>
  <system-out/>
  <testcase classname="test.TC_002_ValidLoginTest" name="ValidLoginTest" time="5.269"/>
  <system-out/>
  <testcase classname="test.TC_002_ValidLoginTest" name="ValidLoginTest" time="5.691"/>
  <system-out/>
</testsuite> <!-- test.TC_002_ValidLoginTest -->
