<?xml version="1.0" encoding="UTF-8"?>
<!-- Generated by org.testng.reporters.JUnitReportReporter -->
<testsuite hostname="LAPTOP-JL6OSVP7" failures="0" tests="1" name="test.TC_007_BookHotelTest" time="25.351" errors="0" timestamp="2024-12-24T23:30:06 IST" skipped="0">
  <testcase classname="test.TC_007_BookHotelTest" name="BookHotelTest" time="25.351"/>
  <system-out/>
</testsuite> <!-- test.TC_007_BookHotelTest -->
