<?xml version="1.0" encoding="UTF-8"?>
<!-- Generated by org.testng.reporters.JUnitReportReporter -->
<testsuite hostname="LAPTOP-JL6OSVP7" failures="0" tests="1" name="test.TC_005_SearchHotelTest" time="45.618" errors="0" timestamp="2024-12-23T21:24:12 IST" skipped="0">
  <testcase classname="test.TC_005_SearchHotelTest" name="SearchHotelTest" time="45.618"/>
  <system-out/>
</testsuite> <!-- test.TC_005_SearchHotelTest -->
